[{"line":1,"elements":[{"start_timestamp":"2025-03-13T15:37:46.757Z","line":5,"name":"Login & Logout feature of Puma","description":"","id":"functional-automation-testing-on-puma-website;login-&-logout-feature-of-puma","type":"scenario","keyword":"Scenario","steps":[{"result":{"duration":5995833700,"status":"passed"},"line":7,"name":"user launches the URL","match":{"location":"stepdefinitions.Stepdefinition_One.user_launches_application()"},"keyword":"Given "},{"result":{"error_message":"org.openqa.selenium.NoSuchElementException: no such element: Unable to locate element: {\"method\":\"xpath\",\"selector\":\"//*[contains(@class,'p-header-actions-icon p-header-actions-icon--account')]\"}\n  (Session info: chrome=134.0.6998.36)\nFor documentation on this error, please visit: https://www.selenium.dev/documentation/webdriver/troubleshooting/errors#no-such-element-exception\nBuild info: version: '4.23.1', revision: '656257d8e9'\nSystem info: os.name: 'Windows 10', os.arch: 'amd64', os.version: '10.0', java.version: '21.0.3'\nDriver info: org.openqa.selenium.chrome.ChromeDriver\nCommand: [d6570272cc5864d6e1a7f01261814764, findElement {using=xpath, value=//*[contains(@class,'p-header-actions-icon p-header-actions-icon--account')]}]\nCapabilities {acceptInsecureCerts: false, browserName: chrome, browserVersion: 134.0.6998.36, chrome: {chromedriverVersion: 134.0.6998.88 (7e3d5c978c6d..., userDataDir: C:\\Users\\ADMIN\\AppData\\Loca...}, fedcm:accounts: true, goog:chromeOptions: {debuggerAddress: localhost:49818}, networkConnectionEnabled: false, pageLoadStrategy: normal, platformName: windows, proxy: Proxy(), se:cdp: ws://localhost:49818/devtoo..., se:cdpVersion: 134.0.6998.36, setWindowRect: true, strictFileInteractability: false, timeouts: {implicit: 0, pageLoad: 300000, script: 30000}, unhandledPromptBehavior: dismiss and notify, webauthn:extension:credBlob: true, webauthn:extension:largeBlob: true, webauthn:extension:minPinLength: true, webauthn:extension:prf: true, webauthn:virtualAuthenticators: true}\nSession ID: d6570272cc5864d6e1a7f01261814764\r\n\tat java.base/jdk.internal.reflect.DirectConstructorHandleAccessor.newInstance(DirectConstructorHandleAccessor.java:62)\r\n\tat java.base/java.lang.reflect.Constructor.newInstanceWithCaller(Constructor.java:502)\r\n\tat java.base/java.lang.reflect.Constructor.newInstance(Constructor.java:486)\r\n\tat org.openqa.selenium.remote.ErrorCodec.decode(ErrorCodec.java:167)\r\n\tat org.openqa.selenium.remote.codec.w3c.W3CHttpResponseCodec.decode(W3CHttpResponseCodec.java:138)\r\n\tat org.openqa.selenium.remote.codec.w3c.W3CHttpResponseCodec.decode(W3CHttpResponseCodec.java:50)\r\n\tat org.openqa.selenium.remote.HttpCommandExecutor.execute(HttpCommandExecutor.java:190)\r\n\tat org.openqa.selenium.remote.service.DriverCommandExecutor.invokeExecute(DriverCommandExecutor.java:216)\r\n\tat org.openqa.selenium.remote.service.DriverCommandExecutor.execute(DriverCommandExecutor.java:174)\r\n\tat org.openqa.selenium.remote.RemoteWebDriver.execute(RemoteWebDriver.java:545)\r\n\tat org.openqa.selenium.remote.ElementLocation$ElementFinder$2.findElement(ElementLocation.java:165)\r\n\tat org.openqa.selenium.remote.ElementLocation.findElement(ElementLocation.java:59)\r\n\tat org.openqa.selenium.remote.RemoteWebDriver.findElement(RemoteWebDriver.java:368)\r\n\tat org.openqa.selenium.remote.RemoteWebDriver.findElement(RemoteWebDriver.java:362)\r\n\tat stepdefinitions.Stepdefinition_One.signin(Stepdefinition_One.java:52)\r\n\tat ✽.user sign in to the application(file:///C:/Users/ADMIN/eclipse-workspace/Cucumber_Framework/src/main/resources/Features/FeatureOne.feature:8)\r\n","duration":10031174800,"status":"failed"},"line":8,"name":"user sign in to the application","match":{"location":"stepdefinitions.Stepdefinition_One.signin()"},"keyword":"When "},{"result":{"duration":1003300,"status":"skipped"},"line":9,"name":"user clicks on Account Info","match":{"location":"stepdefinitions.Stepdefinition_One.clicks_n_the_logo()"},"keyword":"And "},{"result":{"duration":1003700,"status":"skipped"},"line":10,"name":"user signs out of the application","match":{"location":"stepdefinitions.Stepdefinition_One.signs_out_of_the_application()"},"keyword":"And "}],"tags":[{"name":"@SmokeTest"}]},{"start_timestamp":"2025-03-13T15:38:02.841Z","line":24,"name":"Validation of Add to Cart Functionality in Puma website","description":"","id":"functional-automation-testing-on-puma-website;validation-of-add-to-cart-functionality-in-puma-website;;2","type":"scenario","keyword":"Scenario Outline","steps":[{"result":{"duration":5514240900,"status":"passed"},"line":15,"name":"user launches the URL","match":{"location":"stepdefinitions.Stepdefinition_One.user_launches_application()"},"keyword":"Given "},{"result":{"error_message":"org.openqa.selenium.NoSuchElementException: no such element: Unable to locate element: {\"method\":\"xpath\",\"selector\":\"//*[contains(@class,'p-header-actions-icon p-header-actions-icon--account')]\"}\n  (Session info: chrome=134.0.6998.36)\nFor documentation on this error, please visit: https://www.selenium.dev/documentation/webdriver/troubleshooting/errors#no-such-element-exception\nBuild info: version: '4.23.1', revision: '656257d8e9'\nSystem info: os.name: 'Windows 10', os.arch: 'amd64', os.version: '10.0', java.version: '21.0.3'\nDriver info: org.openqa.selenium.chrome.ChromeDriver\nCommand: [8de2f28b29c17fb1bd6ee6e251e57b33, findElement {using=xpath, value=//*[contains(@class,'p-header-actions-icon p-header-actions-icon--account')]}]\nCapabilities {acceptInsecureCerts: false, browserName: chrome, browserVersion: 134.0.6998.36, chrome: {chromedriverVersion: 134.0.6998.88 (7e3d5c978c6d..., userDataDir: C:\\Users\\ADMIN\\AppData\\Loca...}, fedcm:accounts: true, goog:chromeOptions: {debuggerAddress: localhost:49927}, networkConnectionEnabled: false, pageLoadStrategy: normal, platformName: windows, proxy: Proxy(), se:cdp: ws://localhost:49927/devtoo..., se:cdpVersion: 134.0.6998.36, setWindowRect: true, strictFileInteractability: false, timeouts: {implicit: 0, pageLoad: 300000, script: 30000}, unhandledPromptBehavior: dismiss and notify, webauthn:extension:credBlob: true, webauthn:extension:largeBlob: true, webauthn:extension:minPinLength: true, webauthn:extension:prf: true, webauthn:virtualAuthenticators: true}\nSession ID: 8de2f28b29c17fb1bd6ee6e251e57b33\r\n\tat java.base/jdk.internal.reflect.DirectConstructorHandleAccessor.newInstance(DirectConstructorHandleAccessor.java:62)\r\n\tat java.base/java.lang.reflect.Constructor.newInstanceWithCaller(Constructor.java:502)\r\n\tat java.base/java.lang.reflect.Constructor.newInstance(Constructor.java:486)\r\n\tat org.openqa.selenium.remote.ErrorCodec.decode(ErrorCodec.java:167)\r\n\tat org.openqa.selenium.remote.codec.w3c.W3CHttpResponseCodec.decode(W3CHttpResponseCodec.java:138)\r\n\tat org.openqa.selenium.remote.codec.w3c.W3CHttpResponseCodec.decode(W3CHttpResponseCodec.java:50)\r\n\tat org.openqa.selenium.remote.HttpCommandExecutor.execute(HttpCommandExecutor.java:190)\r\n\tat org.openqa.selenium.remote.service.DriverCommandExecutor.invokeExecute(DriverCommandExecutor.java:216)\r\n\tat org.openqa.selenium.remote.service.DriverCommandExecutor.execute(DriverCommandExecutor.java:174)\r\n\tat org.openqa.selenium.remote.RemoteWebDriver.execute(RemoteWebDriver.java:545)\r\n\tat org.openqa.selenium.remote.ElementLocation$ElementFinder$2.findElement(ElementLocation.java:165)\r\n\tat org.openqa.selenium.remote.ElementLocation.findElement(ElementLocation.java:59)\r\n\tat org.openqa.selenium.remote.RemoteWebDriver.findElement(RemoteWebDriver.java:368)\r\n\tat org.openqa.selenium.remote.RemoteWebDriver.findElement(RemoteWebDriver.java:362)\r\n\tat stepdefinitions.Stepdefinition_One.signintotheapplication(Stepdefinition_One.java:97)\r\n\tat ✽.User Sign into the application with rajchozhan024@gmail.com and Puma@761645(file:///C:/Users/ADMIN/eclipse-workspace/Cucumber_Framework/src/main/resources/Features/FeatureOne.feature:16)\r\n","duration":10021148500,"status":"failed"},"line":16,"name":"User Sign into the application with rajchozhan024@gmail.com and Puma@761645","match":{"arguments":[{"val":"rajchozhan024@gmail.com","offset":36},{"val":"Puma@761645","offset":64}],"location":"stepdefinitions.Stepdefinition_One.signintotheapplication(java.lang.String,java.lang.String)"},"keyword":"When "},{"result":{"duration":1003900,"status":"skipped"},"line":17,"name":"User Search for product","match":{"location":"stepdefinitions.Stepdefinition_One.searchfortheproductn()"},"keyword":"And "},{"result":{"status":"skipped"},"line":18,"name":"User filters the product","match":{"location":"stepdefinitions.Stepdefinition_One.filterfortheproductn()"},"keyword":"And "},{"result":{"duration":1006500,"status":"skipped"},"line":19,"name":"User Add item to Cart","match":{"location":"stepdefinitions.Stepdefinition_One.addtocart()"},"keyword":"And "}],"tags":[{"name":"@SmokeTest"}]}],"name":"Functional Automation Testing on Puma Website","description":"Description: Cucumber Test for Puma Onsite Site","id":"functional-automation-testing-on-puma-website","keyword":"Feature","uri":"file:src/main/resources/Features/FeatureOne.feature","tags":[]}]